Started GET "/" for 127.0.0.1 at 2024-02-19 11:34:06 +0100
  [1m[35m (15.2ms)[0m  [1m[35mCREATE TABLE "schema_migrations" ("version" varchar NOT NULL PRIMARY KEY)[0m
  [1m[35m (0.3ms)[0m  [1m[35mCREATE TABLE "ar_internal_metadata" ("key" varchar NOT NULL PRIMARY KEY, "value" varchar, "created_at" datetime(6) NOT NULL, "updated_at" datetime(6) NOT NULL)[0m
  [1m[36mActiveRecord::SchemaMigration Load (0.1ms)[0m  [1m[34mSELECT "schema_migrations"."version" FROM "schema_migrations" ORDER BY "schema_migrations"."version" ASC[0m
Processing by Rails::WelcomeController#index as HTML
  Rendering /home/jjivdris/.rbenv/versions/3.1.2/lib/ruby/gems/3.1.0/gems/railties-7.1.3/lib/rails/templates/rails/welcome/index.html.erb
  Rendered /home/jjivdris/.rbenv/versions/3.1.2/lib/ruby/gems/3.1.0/gems/railties-7.1.3/lib/rails/templates/rails/welcome/index.html.erb (Duration: 1.1ms | Allocations: 383)
Completed 200 OK in 29ms (Views: 12.6ms | ActiveRecord: 0.0ms | Allocations: 6223)


Started GET "/" for 127.0.0.1 at 2024-02-19 12:35:41 +0100
  [1m[36mActiveRecord::SchemaMigration Load (0.2ms)[0m  [1m[34mSELECT "schema_migrations"."version" FROM "schema_migrations" ORDER BY "schema_migrations"."version" ASC[0m
Processing by Rails::WelcomeController#index as HTML
  Rendering /home/jjivdris/.rbenv/versions/3.1.2/lib/ruby/gems/3.1.0/gems/railties-7.1.3/lib/rails/templates/rails/welcome/index.html.erb
  Rendered /home/jjivdris/.rbenv/versions/3.1.2/lib/ruby/gems/3.1.0/gems/railties-7.1.3/lib/rails/templates/rails/welcome/index.html.erb (Duration: 1.5ms | Allocations: 383)
Completed 200 OK in 13ms (Views: 6.9ms | ActiveRecord: 0.0ms | Allocations: 3737)


Started GET "/ask" for 127.0.0.1 at 2024-02-19 12:35:51 +0100
Processing by QuestionsController#ask as HTML
  Rendering layout layouts/application.html.erb
  Rendering questions/ask.html.erb within layouts/application
  Rendered questions/ask.html.erb within layouts/application (Duration: 0.9ms | Allocations: 133)
  Rendered layout layouts/application.html.erb (Duration: 222.7ms | Allocations: 44955)
Completed 200 OK in 227ms (Views: 226.1ms | ActiveRecord: 0.0ms | Allocations: 45769)


Started GET "/answer?question=what+it+do%3F&Ask=Submit" for 127.0.0.1 at 2024-02-19 12:35:58 +0100
Processing by QuestionsController#answer as HTML
  Parameters: {"question"=>"what it do?", "Ask"=>"Submit"}
  Rendering layout layouts/application.html.erb
  Rendering questions/answer.html.erb within layouts/application
  Rendered questions/answer.html.erb within layouts/application (Duration: 0.5ms | Allocations: 140)
  Rendered layout layouts/application.html.erb (Duration: 20.5ms | Allocations: 3337)
Completed 200 OK in 22ms (Views: 21.2ms | ActiveRecord: 0.0ms | Allocations: 3694)


Started GET "/answer?question=what+it+do%3F&Ask=Submit" for 127.0.0.1 at 2024-02-19 12:36:17 +0100
Processing by QuestionsController#answer as HTML
  Parameters: {"question"=>"what it do?", "Ask"=>"Submit"}
  Rendering layout layouts/application.html.erb
  Rendering questions/answer.html.erb within layouts/application
  Rendered questions/answer.html.erb within layouts/application (Duration: 0.0ms | Allocations: 15)
  Rendered layout layouts/application.html.erb (Duration: 1.7ms | Allocations: 1186)
Completed 200 OK in 2ms (Views: 2.1ms | ActiveRecord: 0.0ms | Allocations: 1470)


Started GET "/answer" for 127.0.0.1 at 2024-02-19 12:36:27 +0100
Processing by QuestionsController#answer as HTML
  Rendering layout layouts/application.html.erb
  Rendering questions/answer.html.erb within layouts/application
  Rendered questions/answer.html.erb within layouts/application (Duration: 0.0ms | Allocations: 8)
  Rendered layout layouts/application.html.erb (Duration: 2.0ms | Allocations: 1116)
Completed 200 OK in 3ms (Views: 2.5ms | ActiveRecord: 0.0ms | Allocations: 1356)


Started GET "/ask" for 127.0.0.1 at 2024-02-19 12:36:37 +0100
Processing by QuestionsController#ask as HTML
  Rendering layout layouts/application.html.erb
  Rendering questions/ask.html.erb within layouts/application
  Rendered questions/ask.html.erb within layouts/application (Duration: 0.0ms | Allocations: 7)
  Rendered layout layouts/application.html.erb (Duration: 2.9ms | Allocations: 1125)
Completed 200 OK in 4ms (Views: 3.7ms | ActiveRecord: 0.0ms | Allocations: 1358)


Started GET "/answer?question=it+is+what+it+is&Ask=Submit" for 127.0.0.1 at 2024-02-19 12:36:55 +0100
Processing by QuestionsController#answer as HTML
  Parameters: {"question"=>"it is what it is", "Ask"=>"Submit"}
  Rendering layout layouts/application.html.erb
  Rendering questions/answer.html.erb within layouts/application
  Rendered questions/answer.html.erb within layouts/application (Duration: 0.1ms | Allocations: 11)
  Rendered layout layouts/application.html.erb (Duration: 3.0ms | Allocations: 1124)
Completed 200 OK in 4ms (Views: 3.7ms | ActiveRecord: 0.0ms | Allocations: 1364)


Started GET "/answer?question=it+is+what+it+is&Ask=Submit" for 127.0.0.1 at 2024-02-19 12:38:57 +0100
Processing by QuestionsController#answer as HTML
  Parameters: {"question"=>"it is what it is", "Ask"=>"Submit"}
  Rendering layout layouts/application.html.erb
  Rendering questions/answer.html.erb within layouts/application
  Rendered questions/answer.html.erb within layouts/application (Duration: 0.4ms | Allocations: 164)
  Rendered layout layouts/application.html.erb (Duration: 2.5ms | Allocations: 1719)
Completed 200 OK in 5ms (Views: 3.7ms | ActiveRecord: 0.0ms | Allocations: 2754)


Started GET "/answer?question=Will+I+am+going+to+work%3F&Ask=Submit" for 127.0.0.1 at 2024-02-19 12:40:08 +0100
Processing by QuestionsController#answer as HTML
  Parameters: {"question"=>"Will I am going to work?", "Ask"=>"Submit"}
  Rendering layout layouts/application.html.erb
  Rendering questions/answer.html.erb within layouts/application
  Rendered questions/answer.html.erb within layouts/application (Duration: 0.4ms | Allocations: 163)
  Rendered layout layouts/application.html.erb (Duration: 3.0ms | Allocations: 1678)
Completed 200 OK in 6ms (Views: 4.6ms | ActiveRecord: 0.0ms | Allocations: 2712)


Started GET "/answer?question=hello" for ::1 at 2024-02-19 12:51:14 +0100
Processing by QuestionsController#answer as HTML
  Parameters: {"question"=>"hello"}
  Rendering layout layouts/application.html.erb
  Rendering questions/answer.html.erb within layouts/application
  Rendered questions/answer.html.erb within layouts/application (Duration: 0.4ms | Allocations: 9)
  Rendered layout layouts/application.html.erb (Duration: 10.7ms | Allocations: 1006)
Completed 200 OK in 17ms (Views: 15.6ms | ActiveRecord: 0.0ms | Allocations: 1271)


Started GET "/answer?question=what%20time%20is%20it?" for ::1 at 2024-02-19 12:51:19 +0100
Processing by QuestionsController#answer as HTML
  Parameters: {"question"=>"what time is it?"}
  Rendering layout layouts/application.html.erb
  Rendering questions/answer.html.erb within layouts/application
  Rendered questions/answer.html.erb within layouts/application (Duration: 0.1ms | Allocations: 10)
  Rendered layout layouts/application.html.erb (Duration: 10.7ms | Allocations: 1144)
Completed 200 OK in 12ms (Views: 11.5ms | ActiveRecord: 0.0ms | Allocations: 1385)


Started GET "/answer?question=Will+I+am+going+to+work%3F&Ask=Submit" for 127.0.0.1 at 2024-02-19 12:53:40 +0100
Processing by QuestionsController#answer as HTML
  Parameters: {"question"=>"Will I am going to work?", "Ask"=>"Submit"}
  Rendering layout layouts/application.html.erb
  Rendering questions/answer.html.erb within layouts/application
  Rendered questions/answer.html.erb within layouts/application (Duration: 1.9ms | Allocations: 321)
  Rendered layout layouts/application.html.erb (Duration: 4.6ms | Allocations: 1838)
Completed 200 OK in 7ms (Views: 6.1ms | ActiveRecord: 0.0ms | Allocations: 2875)


Started GET "/ask" for 127.0.0.1 at 2024-02-19 12:53:42 +0100
Processing by QuestionsController#ask as HTML
  Rendering layout layouts/application.html.erb
  Rendering questions/ask.html.erb within layouts/application
  Rendered questions/ask.html.erb within layouts/application (Duration: 0.5ms | Allocations: 105)
  Rendered layout layouts/application.html.erb (Duration: 4.2ms | Allocations: 1230)
Completed 200 OK in 5ms (Views: 5.0ms | ActiveRecord: 0.0ms | Allocations: 1479)


Started GET "/ask" for 127.0.0.1 at 2024-02-19 12:54:05 +0100
Processing by QuestionsController#ask as HTML
  Rendering layout layouts/application.html.erb
  Rendering questions/ask.html.erb within layouts/application
  Rendered questions/ask.html.erb within layouts/application (Duration: 0.7ms | Allocations: 133)
  Rendered layout layouts/application.html.erb (Duration: 3.4ms | Allocations: 1671)
Completed 200 OK in 5ms (Views: 4.9ms | ActiveRecord: 0.0ms | Allocations: 2461)


Started GET "/ask" for 127.0.0.1 at 2024-02-19 12:54:25 +0100
Processing by QuestionsController#ask as HTML
  Rendering layout layouts/application.html.erb
  Rendering questions/ask.html.erb within layouts/application
  Rendered questions/ask.html.erb within layouts/application (Duration: 0.4ms | Allocations: 133)
  Rendered layout layouts/application.html.erb (Duration: 2.8ms | Allocations: 1671)
Completed 200 OK in 5ms (Views: 4.4ms | ActiveRecord: 0.0ms | Allocations: 2460)


Started GET "/ask" for 127.0.0.1 at 2024-02-19 12:54:28 +0100
Processing by QuestionsController#ask as HTML
  Rendering layout layouts/application.html.erb
  Rendering questions/ask.html.erb within layouts/application
  Rendered questions/ask.html.erb within layouts/application (Duration: 0.0ms | Allocations: 7)
  Rendered layout layouts/application.html.erb (Duration: 1.8ms | Allocations: 1113)
Completed 200 OK in 3ms (Views: 2.3ms | ActiveRecord: 0.0ms | Allocations: 1362)


Started GET "/ask" for 127.0.0.1 at 2024-02-19 12:54:37 +0100
Processing by QuestionsController#ask as HTML
  Rendering layout layouts/application.html.erb
  Rendering questions/ask.html.erb within layouts/application
  Rendered questions/ask.html.erb within layouts/application (Duration: 0.4ms | Allocations: 133)
  Rendered layout layouts/application.html.erb (Duration: 2.6ms | Allocations: 1678)
Completed 200 OK in 4ms (Views: 3.9ms | ActiveRecord: 0.0ms | Allocations: 2467)


Started GET "/ask" for 127.0.0.1 at 2024-02-19 12:57:19 +0100
Processing by QuestionsController#ask as HTML
  Rendering layout layouts/application.html.erb
  Rendering questions/ask.html.erb within layouts/application
  Rendered questions/ask.html.erb within layouts/application (Duration: 0.4ms | Allocations: 135)
  Rendered layout layouts/application.html.erb (Duration: 2.8ms | Allocations: 1699)
Completed 200 OK in 4ms (Views: 4.1ms | ActiveRecord: 0.0ms | Allocations: 2490)


Started GET "/ask" for 127.0.0.1 at 2024-02-19 12:57:20 +0100
Processing by QuestionsController#ask as HTML
  Rendering layout layouts/application.html.erb
  Rendering questions/ask.html.erb within layouts/application
  Rendered questions/ask.html.erb within layouts/application (Duration: 0.0ms | Allocations: 7)
  Rendered layout layouts/application.html.erb (Duration: 2.3ms | Allocations: 1119)
Completed 200 OK in 3ms (Views: 2.8ms | ActiveRecord: 0.0ms | Allocations: 1368)


Started GET "/answer?question=test&Ask=Submit" for 127.0.0.1 at 2024-02-19 12:57:25 +0100
Processing by QuestionsController#answer as HTML
  Parameters: {"question"=>"test", "Ask"=>"Submit"}
  Rendering layout layouts/application.html.erb
  Rendering questions/answer.html.erb within layouts/application
  Rendered questions/answer.html.erb within layouts/application (Duration: 0.7ms | Allocations: 225)
  Rendered layout layouts/application.html.erb (Duration: 2.5ms | Allocations: 1328)
Completed 200 OK in 4ms (Views: 3.0ms | ActiveRecord: 0.0ms | Allocations: 1628)


Started GET "/ask" for 127.0.0.1 at 2024-02-19 12:57:27 +0100
Processing by QuestionsController#ask as HTML
  Rendering layout layouts/application.html.erb
  Rendering questions/ask.html.erb within layouts/application
  Rendered questions/ask.html.erb within layouts/application (Duration: 0.1ms | Allocations: 7)
  Rendered layout layouts/application.html.erb (Duration: 1.8ms | Allocations: 1114)
Completed 200 OK in 3ms (Views: 2.4ms | ActiveRecord: 0.0ms | Allocations: 1347)


Started GET "/ask" for 127.0.0.1 at 2024-02-19 12:58:17 +0100
Processing by QuestionsController#ask as HTML
  Rendering layout layouts/application.html.erb
  Rendering questions/ask.html.erb within layouts/application
  Rendered questions/ask.html.erb within layouts/application (Duration: 0.4ms | Allocations: 133)
  Rendered layout layouts/application.html.erb (Duration: 2.9ms | Allocations: 1695)
Completed 200 OK in 4ms (Views: 4.1ms | ActiveRecord: 0.0ms | Allocations: 2485)


Started GET "/ask" for 127.0.0.1 at 2024-02-19 12:58:25 +0100
Processing by QuestionsController#ask as HTML
  Rendering layout layouts/application.html.erb
  Rendering questions/ask.html.erb within layouts/application
  Rendered questions/ask.html.erb within layouts/application (Duration: 0.0ms | Allocations: 7)
  Rendered layout layouts/application.html.erb (Duration: 1.8ms | Allocations: 1122)
Completed 200 OK in 3ms (Views: 2.4ms | ActiveRecord: 0.0ms | Allocations: 1371)


Started GET "/answer?question=&Ask=Submit" for 127.0.0.1 at 2024-02-19 12:58:44 +0100
Processing by QuestionsController#answer as HTML
  Parameters: {"question"=>"", "Ask"=>"Submit"}
  Rendering layout layouts/application.html.erb
  Rendering questions/answer.html.erb within layouts/application
  Rendered questions/answer.html.erb within layouts/application (Duration: 1.0ms | Allocations: 225)
  Rendered layout layouts/application.html.erb (Duration: 6.1ms | Allocations: 1328)
Completed 200 OK in 8ms (Views: 6.9ms | ActiveRecord: 0.0ms | Allocations: 1627)


Started GET "/ask" for 127.0.0.1 at 2024-02-19 12:58:47 +0100
Processing by QuestionsController#ask as HTML
  Rendering layout layouts/application.html.erb
  Rendering questions/ask.html.erb within layouts/application
  Rendered questions/ask.html.erb within layouts/application (Duration: 0.0ms | Allocations: 7)
  Rendered layout layouts/application.html.erb (Duration: 1.8ms | Allocations: 1131)
Completed 200 OK in 3ms (Views: 2.3ms | ActiveRecord: 0.0ms | Allocations: 1364)


Started GET "/ask" for 127.0.0.1 at 2024-02-19 12:59:07 +0100
Processing by QuestionsController#ask as HTML
  Rendering layout layouts/application.html.erb
  Rendering questions/ask.html.erb within layouts/application
  Rendered questions/ask.html.erb within layouts/application (Duration: 0.8ms | Allocations: 134)
  Rendered layout layouts/application.html.erb (Duration: 3.4ms | Allocations: 1691)
Completed 200 OK in 6ms (Views: 5.1ms | ActiveRecord: 0.0ms | Allocations: 2481)


Started GET "/ask" for 127.0.0.1 at 2024-02-19 12:59:10 +0100
Processing by QuestionsController#ask as HTML
  Rendering layout layouts/application.html.erb
  Rendering questions/ask.html.erb within layouts/application
  Rendered questions/ask.html.erb within layouts/application (Duration: 0.0ms | Allocations: 7)
  Rendered layout layouts/application.html.erb (Duration: 1.8ms | Allocations: 1108)
Completed 200 OK in 3ms (Views: 2.3ms | ActiveRecord: 0.0ms | Allocations: 1357)


Started GET "/answer?question=test&Ask=Submit" for 127.0.0.1 at 2024-02-19 13:01:24 +0100
Processing by QuestionsController#answer as HTML
  Parameters: {"question"=>"test", "Ask"=>"Submit"}
  Rendering layout layouts/application.html.erb
  Rendering questions/answer.html.erb within layouts/application
  Rendered questions/answer.html.erb within layouts/application (Duration: 0.8ms | Allocations: 279)
  Rendered layout layouts/application.html.erb (Duration: 2.9ms | Allocations: 1815)
Completed 200 OK in 5ms (Views: 4.1ms | ActiveRecord: 0.0ms | Allocations: 2852)


Started GET "/ask" for 127.0.0.1 at 2024-02-19 13:01:26 +0100
Processing by QuestionsController#ask as HTML
  Rendering layout layouts/application.html.erb
  Rendering questions/ask.html.erb within layouts/application
  Rendered questions/ask.html.erb within layouts/application (Duration: 0.5ms | Allocations: 105)
  Rendered layout layouts/application.html.erb (Duration: 2.6ms | Allocations: 1227)
Completed 200 OK in 4ms (Views: 4.1ms | ActiveRecord: 0.0ms | Allocations: 1478)


Started GET "/answer?question=swag%3F&Ask=Submit" for 127.0.0.1 at 2024-02-19 13:01:28 +0100
Processing by QuestionsController#answer as HTML
  Parameters: {"question"=>"swag?", "Ask"=>"Submit"}
  Rendering layout layouts/application.html.erb
  Rendering questions/answer.html.erb within layouts/application
  Rendered questions/answer.html.erb within layouts/application (Duration: 0.2ms | Allocations: 47)
  Rendered layout layouts/application.html.erb (Duration: 2.5ms | Allocations: 1159)
Completed 200 OK in 3ms (Views: 3.1ms | ActiveRecord: 0.0ms | Allocations: 1400)


Started GET "/ask" for 127.0.0.1 at 2024-02-19 13:01:30 +0100
Processing by QuestionsController#ask as HTML
  Rendering layout layouts/application.html.erb
  Rendering questions/ask.html.erb within layouts/application
  Rendered questions/ask.html.erb within layouts/application (Duration: 0.1ms | Allocations: 7)
  Rendered layout layouts/application.html.erb (Duration: 2.3ms | Allocations: 1120)
Completed 200 OK in 3ms (Views: 2.9ms | ActiveRecord: 0.0ms | Allocations: 1353)


Started GET "/answer?question=work&Ask=Submit" for 127.0.0.1 at 2024-02-19 13:01:33 +0100
Processing by QuestionsController#answer as HTML
  Parameters: {"question"=>"work", "Ask"=>"Submit"}
  Rendering layout layouts/application.html.erb
  Rendering questions/answer.html.erb within layouts/application
  Rendered questions/answer.html.erb within layouts/application (Duration: 0.2ms | Allocations: 46)
  Rendered layout layouts/application.html.erb (Duration: 1.9ms | Allocations: 1161)
Completed 200 OK in 3ms (Views: 2.6ms | ActiveRecord: 0.0ms | Allocations: 1402)


Started GET "/ask" for 127.0.0.1 at 2024-02-19 13:01:35 +0100
Processing by QuestionsController#ask as HTML
  Rendering layout layouts/application.html.erb
  Rendering questions/ask.html.erb within layouts/application
  Rendered questions/ask.html.erb within layouts/application (Duration: 0.1ms | Allocations: 7)
  Rendered layout layouts/application.html.erb (Duration: 3.3ms | Allocations: 1125)
Completed 200 OK in 4ms (Views: 3.8ms | ActiveRecord: 0.0ms | Allocations: 1358)


Started GET "/answer?question=d&Ask=Submit" for 127.0.0.1 at 2024-02-19 13:48:56 +0100
Processing by QuestionsController#answer as HTML
  Parameters: {"question"=>"d", "Ask"=>"Submit"}
  Rendering layout layouts/application.html.erb
  Rendering questions/answer.html.erb within layouts/application
  Rendered questions/answer.html.erb within layouts/application (Duration: 2.5ms | Allocations: 46)
  Rendered layout layouts/application.html.erb (Duration: 17.4ms | Allocations: 1158)
Completed 200 OK in 23ms (Views: 20.1ms | ActiveRecord: 0.0ms | Allocations: 1399)


Started GET "/ask" for 127.0.0.1 at 2024-02-19 13:48:58 +0100
Processing by QuestionsController#ask as HTML
  Rendering layout layouts/application.html.erb
  Rendering questions/ask.html.erb within layouts/application
  Rendered questions/ask.html.erb within layouts/application (Duration: 0.1ms | Allocations: 7)
  Rendered layout layouts/application.html.erb (Duration: 6.3ms | Allocations: 1116)
Completed 200 OK in 8ms (Views: 8.1ms | ActiveRecord: 0.0ms | Allocations: 1349)


